2024-10-10T08:38:20.948+07:00  INFO 11570 --- [banking-loan-service] [main] c.a.b.BankingLoanServiceApplication      : Starting BankingLoanServiceApplication using Java 21.0.4 with PID 11570 (/home/admin-klb/Dropbox/Project/Bank Account Management System Project/microservices-core-banking/banking-loan-service/build/classes/java/main started by admin-klb in /home/admin-klb/Dropbox/Project/Bank Account Management System Project/microservices-core-banking)
2024-10-10T08:38:20.954+07:00  INFO 11570 --- [banking-loan-service] [main] c.a.b.BankingLoanServiceApplication      : No active profile set, falling back to 1 default profile: "default"
2024-10-10T08:38:20.984+07:00  INFO 11570 --- [banking-loan-service] [main] o.s.c.c.c.ConfigServerConfigDataLoader   : Fetching config from server at : http://localhost:8888
2024-10-10T08:38:20.984+07:00  INFO 11570 --- [banking-loan-service] [main] o.s.c.c.c.ConfigServerConfigDataLoader   : Located environment: name=banking-loan-service, profiles=[default], label=null, version=null, state=null
2024-10-10T08:38:21.711+07:00  INFO 11570 --- [banking-loan-service] [main] .s.d.r.c.RepositoryConfigurationDelegate : Bootstrapping Spring Data JPA repositories in DEFAULT mode.
2024-10-10T08:38:21.806+07:00  INFO 11570 --- [banking-loan-service] [main] .s.d.r.c.RepositoryConfigurationDelegate : Finished Spring Data repository scanning in 91 ms. Found 7 JPA repository interfaces.
2024-10-10T08:38:21.960+07:00  INFO 11570 --- [banking-loan-service] [main] o.s.cloud.context.scope.GenericScope     : BeanFactory id=2694efda-79f2-3091-a15d-3cdbc3e507f9
2024-10-10T08:38:22.119+07:00  WARN 11570 --- [banking-loan-service] [main] trationDelegate$BeanPostProcessorChecker : Bean 'org.springframework.cloud.client.loadbalancer.LoadBalancerAutoConfiguration$DeferringLoadBalancerInterceptorConfig' of type [org.springframework.cloud.client.loadbalancer.LoadBalancerAutoConfiguration$DeferringLoadBalancerInterceptorConfig] is not eligible for getting processed by all BeanPostProcessors (for example: not eligible for auto-proxying). The currently created BeanPostProcessor [lbRestClientPostProcessor] is declared through a non-static factory method on that class; consider declaring it as static instead.
2024-10-10T08:38:22.120+07:00  WARN 11570 --- [banking-loan-service] [main] trationDelegate$BeanPostProcessorChecker : Bean 'deferringLoadBalancerInterceptor' of type [org.springframework.cloud.client.loadbalancer.DeferringLoadBalancerInterceptor] is not eligible for getting processed by all BeanPostProcessors (for example: not eligible for auto-proxying). Is this bean getting eagerly injected into a currently created BeanPostProcessor [lbRestClientPostProcessor]? Check the corresponding BeanPostProcessor declaration and its dependencies.
2024-10-10T08:38:22.252+07:00  INFO 11570 --- [banking-loan-service] [main] o.s.b.w.embedded.tomcat.TomcatWebServer  : Tomcat initialized with port 8060 (http)
2024-10-10T08:38:22.259+07:00  INFO 11570 --- [banking-loan-service] [main] o.apache.catalina.core.StandardService   : Starting service [Tomcat]
2024-10-10T08:38:22.260+07:00  INFO 11570 --- [banking-loan-service] [main] o.apache.catalina.core.StandardEngine    : Starting Servlet engine: [Apache Tomcat/10.1.28]
2024-10-10T08:38:22.291+07:00  INFO 11570 --- [banking-loan-service] [main] o.a.c.c.C.[Tomcat].[localhost].[/]       : Initializing Spring embedded WebApplicationContext
2024-10-10T08:38:22.291+07:00  INFO 11570 --- [banking-loan-service] [main] w.s.c.ServletWebServerApplicationContext : Root WebApplicationContext: initialization completed in 1306 ms
2024-10-10T08:38:22.377+07:00 DEBUG 11570 --- [banking-loan-service] [main] o.s.w.f.CommonsRequestLoggingFilter      : Filter 'logFilter' configured for use
2024-10-10T08:38:22.699+07:00  INFO 11570 --- [banking-loan-service] [main] o.hibernate.jpa.internal.util.LogHelper  : HHH000204: Processing PersistenceUnitInfo [name: default]
2024-10-10T08:38:22.743+07:00  INFO 11570 --- [banking-loan-service] [main] org.hibernate.Version                    : HHH000412: Hibernate ORM core version 6.5.2.Final
2024-10-10T08:38:22.762+07:00  INFO 11570 --- [banking-loan-service] [main] o.h.c.internal.RegionFactoryInitiator    : HHH000026: Second-level cache disabled
2024-10-10T08:38:22.944+07:00  INFO 11570 --- [banking-loan-service] [main] o.s.o.j.p.SpringPersistenceUnitInfo      : No LoadTimeWeaver setup: ignoring JPA class transformer
2024-10-10T08:38:22.963+07:00  INFO 11570 --- [banking-loan-service] [main] com.zaxxer.hikari.HikariDataSource       : HikariPool-1 - Starting...
2024-10-10T08:38:23.180+07:00  INFO 11570 --- [banking-loan-service] [main] com.zaxxer.hikari.pool.HikariPool        : HikariPool-1 - Added connection com.mysql.cj.jdbc.ConnectionImpl@2c51c756
2024-10-10T08:38:23.181+07:00  INFO 11570 --- [banking-loan-service] [main] com.zaxxer.hikari.HikariDataSource       : HikariPool-1 - Start completed.
2024-10-10T08:38:23.838+07:00  INFO 11570 --- [banking-loan-service] [main] o.h.e.t.j.p.i.JtaPlatformInitiator       : HHH000489: No JTA platform available (set 'hibernate.transaction.jta.platform' to enable JTA platform integration)
2024-10-10T08:38:24.262+07:00  INFO 11570 --- [banking-loan-service] [main] j.LocalContainerEntityManagerFactoryBean : Initialized JPA EntityManagerFactory for persistence unit 'default'
2024-10-10T08:38:24.535+07:00  WARN 11570 --- [banking-loan-service] [main] JpaBaseConfiguration$JpaWebConfiguration : spring.jpa.open-in-view is enabled by default. Therefore, database queries may be performed during view rendering. Explicitly configure spring.jpa.open-in-view to disable this warning
2024-10-10T08:38:24.841+07:00  INFO 11570 --- [banking-loan-service] [main] o.s.d.j.r.query.QueryEnhancerFactory     : Hibernate is in classpath; If applicable, HQL parser will be used.
2024-10-10T08:38:25.569+07:00  INFO 11570 --- [banking-loan-service] [main] DiscoveryClientOptionalArgsConfiguration : Eureka HTTP Client uses RestTemplate.
2024-10-10T08:38:25.583+07:00  WARN 11570 --- [banking-loan-service] [main] iguration$LoadBalancerCaffeineWarnLogger : Spring Cloud LoadBalancer is currently working with the default cache. While this cache implementation is useful for development and tests, it's recommended to use Caffeine cache in production.You can switch to using Caffeine cache, by adding it and org.springframework.cache.caffeine.CaffeineCacheManager to the classpath.
2024-10-10T08:38:25.623+07:00  INFO 11570 --- [banking-loan-service] [main] o.a.k.clients.admin.AdminClientConfig    : AdminClientConfig values: 
	auto.include.jmx.reporter = true
	bootstrap.controllers = []
	bootstrap.servers = [localhost:9092]
	client.dns.lookup = use_all_dns_ips
	client.id = banking-loan-service-admin-0
	connections.max.idle.ms = 300000
	default.api.timeout.ms = 60000
	enable.metrics.push = true
	metadata.max.age.ms = 300000
	metric.reporters = []
	metrics.num.samples = 2
	metrics.recording.level = INFO
	metrics.sample.window.ms = 30000
	receive.buffer.bytes = 65536
	reconnect.backoff.max.ms = 1000
	reconnect.backoff.ms = 50
	request.timeout.ms = 30000
	retries = 2147483647
	retry.backoff.max.ms = 1000
	retry.backoff.ms = 100
	sasl.client.callback.handler.class = null
	sasl.jaas.config = null
	sasl.kerberos.kinit.cmd = /usr/bin/kinit
	sasl.kerberos.min.time.before.relogin = 60000
	sasl.kerberos.service.name = null
	sasl.kerberos.ticket.renew.jitter = 0.05
	sasl.kerberos.ticket.renew.window.factor = 0.8
	sasl.login.callback.handler.class = null
	sasl.login.class = null
	sasl.login.connect.timeout.ms = null
	sasl.login.read.timeout.ms = null
	sasl.login.refresh.buffer.seconds = 300
	sasl.login.refresh.min.period.seconds = 60
	sasl.login.refresh.window.factor = 0.8
	sasl.login.refresh.window.jitter = 0.05
	sasl.login.retry.backoff.max.ms = 10000
	sasl.login.retry.backoff.ms = 100
	sasl.mechanism = GSSAPI
	sasl.oauthbearer.clock.skew.seconds = 30
	sasl.oauthbearer.expected.audience = null
	sasl.oauthbearer.expected.issuer = null
	sasl.oauthbearer.jwks.endpoint.refresh.ms = 3600000
	sasl.oauthbearer.jwks.endpoint.retry.backoff.max.ms = 10000
	sasl.oauthbearer.jwks.endpoint.retry.backoff.ms = 100
	sasl.oauthbearer.jwks.endpoint.url = null
	sasl.oauthbearer.scope.claim.name = scope
	sasl.oauthbearer.sub.claim.name = sub
	sasl.oauthbearer.token.endpoint.url = null
	security.protocol = PLAINTEXT
	security.providers = null
	send.buffer.bytes = 131072
	socket.connection.setup.timeout.max.ms = 30000
	socket.connection.setup.timeout.ms = 10000
	ssl.cipher.suites = null
	ssl.enabled.protocols = [TLSv1.2, TLSv1.3]
	ssl.endpoint.identification.algorithm = https
	ssl.engine.factory.class = null
	ssl.key.password = null
	ssl.keymanager.algorithm = SunX509
	ssl.keystore.certificate.chain = null
	ssl.keystore.key = null
	ssl.keystore.location = null
	ssl.keystore.password = null
	ssl.keystore.type = JKS
	ssl.protocol = TLSv1.3
	ssl.provider = null
	ssl.secure.random.implementation = null
	ssl.trustmanager.algorithm = PKIX
	ssl.truststore.certificates = null
	ssl.truststore.location = null
	ssl.truststore.password = null
	ssl.truststore.type = JKS

2024-10-10T08:38:25.665+07:00  INFO 11570 --- [banking-loan-service] [main] o.a.kafka.common.utils.AppInfoParser     : Kafka version: 3.7.1
2024-10-10T08:38:25.665+07:00  INFO 11570 --- [banking-loan-service] [main] o.a.kafka.common.utils.AppInfoParser     : Kafka commitId: e2494e6ffb89f828
2024-10-10T08:38:25.665+07:00  INFO 11570 --- [banking-loan-service] [main] o.a.kafka.common.utils.AppInfoParser     : Kafka startTimeMs: 1728524305664
2024-10-10T08:38:26.095+07:00  INFO 11570 --- [banking-loan-service] [kafka-admin-client-thread | banking-loan-service-admin-0] o.a.kafka.common.utils.AppInfoParser     : App info kafka.admin.client for banking-loan-service-admin-0 unregistered
2024-10-10T08:38:26.097+07:00  INFO 11570 --- [banking-loan-service] [kafka-admin-client-thread | banking-loan-service-admin-0] o.apache.kafka.common.metrics.Metrics    : Metrics scheduler closed
2024-10-10T08:38:26.097+07:00  INFO 11570 --- [banking-loan-service] [kafka-admin-client-thread | banking-loan-service-admin-0] o.apache.kafka.common.metrics.Metrics    : Closing reporter org.apache.kafka.common.metrics.JmxReporter
2024-10-10T08:38:26.097+07:00  INFO 11570 --- [banking-loan-service] [kafka-admin-client-thread | banking-loan-service-admin-0] o.apache.kafka.common.metrics.Metrics    : Metrics reporters closed
2024-10-10T08:38:26.104+07:00  INFO 11570 --- [banking-loan-service] [main] o.s.c.n.eureka.InstanceInfoFactory       : Setting initial instance status as: STARTING
2024-10-10T08:38:26.118+07:00  INFO 11570 --- [banking-loan-service] [main] com.netflix.discovery.DiscoveryClient    : Initializing Eureka in region us-east-1
2024-10-10T08:38:26.119+07:00  INFO 11570 --- [banking-loan-service] [main] c.n.d.s.r.aws.ConfigClusterResolver      : Resolving eureka endpoints via configuration
2024-10-10T08:38:26.123+07:00  INFO 11570 --- [banking-loan-service] [main] com.netflix.discovery.DiscoveryClient    : Disable delta property : false
2024-10-10T08:38:26.123+07:00  INFO 11570 --- [banking-loan-service] [main] com.netflix.discovery.DiscoveryClient    : Single vip registry refresh property : null
2024-10-10T08:38:26.123+07:00  INFO 11570 --- [banking-loan-service] [main] com.netflix.discovery.DiscoveryClient    : Force full registry fetch : false
2024-10-10T08:38:26.123+07:00  INFO 11570 --- [banking-loan-service] [main] com.netflix.discovery.DiscoveryClient    : Application is null : false
2024-10-10T08:38:26.123+07:00  INFO 11570 --- [banking-loan-service] [main] com.netflix.discovery.DiscoveryClient    : Registered Applications size is zero : true
2024-10-10T08:38:26.123+07:00  INFO 11570 --- [banking-loan-service] [main] com.netflix.discovery.DiscoveryClient    : Application version is -1: true
2024-10-10T08:38:26.123+07:00  INFO 11570 --- [banking-loan-service] [main] com.netflix.discovery.DiscoveryClient    : Getting all instance registry info from the eureka server
2024-10-10T08:38:26.257+07:00  INFO 11570 --- [banking-loan-service] [main] com.netflix.discovery.DiscoveryClient    : The response status is 200
2024-10-10T08:38:26.258+07:00  INFO 11570 --- [banking-loan-service] [main] com.netflix.discovery.DiscoveryClient    : Starting heartbeat executor: renew interval is: 30
2024-10-10T08:38:26.258+07:00  INFO 11570 --- [banking-loan-service] [main] c.n.discovery.InstanceInfoReplicator     : InstanceInfoReplicator onDemand update allowed rate per min is 4
2024-10-10T08:38:26.259+07:00  INFO 11570 --- [banking-loan-service] [main] com.netflix.discovery.DiscoveryClient    : Discovery Client initialized at timestamp 1728524306259 with initial instances count: 3
2024-10-10T08:38:26.261+07:00  INFO 11570 --- [banking-loan-service] [main] o.s.c.n.e.s.EurekaServiceRegistry        : Registering application BANKING-LOAN-SERVICE with eureka with status UP
2024-10-10T08:38:26.261+07:00  INFO 11570 --- [banking-loan-service] [main] com.netflix.discovery.DiscoveryClient    : Saw local status change event StatusChangeEvent [timestamp=1728524306261, current=UP, previous=STARTING]
2024-10-10T08:38:26.262+07:00  INFO 11570 --- [banking-loan-service] [DiscoveryClient-InstanceInfoReplicator-%d] com.netflix.discovery.DiscoveryClient    : DiscoveryClient_BANKING-LOAN-SERVICE/10.3.245.15:banking-loan-service:8060: registering service...
2024-10-10T08:38:26.268+07:00  INFO 11570 --- [banking-loan-service] [main] o.s.b.w.embedded.tomcat.TomcatWebServer  : Tomcat started on port 8060 (http) with context path '/'
2024-10-10T08:38:26.268+07:00  INFO 11570 --- [banking-loan-service] [main] .s.c.n.e.s.EurekaAutoServiceRegistration : Updating port to 8060
2024-10-10T08:38:26.302+07:00  INFO 11570 --- [banking-loan-service] [DiscoveryClient-InstanceInfoReplicator-%d] com.netflix.discovery.DiscoveryClient    : DiscoveryClient_BANKING-LOAN-SERVICE/10.3.245.15:banking-loan-service:8060 - registration status: 204
2024-10-10T08:38:26.306+07:00  INFO 11570 --- [banking-loan-service] [main] c.a.b.BankingLoanServiceApplication      : Started BankingLoanServiceApplication in 6.24 seconds (process running for 6.822)
2024-10-10T08:38:49.121+07:00  INFO 11570 --- [banking-loan-service] [http-nio-8060-exec-1] o.a.c.c.C.[Tomcat].[localhost].[/]       : Initializing Spring DispatcherServlet 'dispatcherServlet'
2024-10-10T08:38:49.121+07:00  INFO 11570 --- [banking-loan-service] [http-nio-8060-exec-1] o.s.web.servlet.DispatcherServlet        : Initializing Servlet 'dispatcherServlet'
2024-10-10T08:38:49.122+07:00  INFO 11570 --- [banking-loan-service] [http-nio-8060-exec-1] o.s.web.servlet.DispatcherServlet        : Completed initialization in 1 ms
2024-10-10T08:38:49.157+07:00 DEBUG 11570 --- [banking-loan-service] [http-nio-8060-exec-1] o.s.w.f.CommonsRequestLoggingFilter      : Before request [GET /swagger-ui/index.html, client=0:0:0:0:0:0:0:1, headers=[host:"localhost:8060", connection:"keep-alive", cache-control:"max-age=0", sec-ch-ua:""Google Chrome";v="129", "Not=A?Brand";v="8", "Chromium";v="129"", sec-ch-ua-mobile:"?0", sec-ch-ua-platform:""Linux"", upgrade-insecure-requests:"1", user-agent:"Mozilla/5.0 (X11; Linux x86_64) AppleWebKit/537.36 (KHTML, like Gecko) Chrome/129.0.0.0 Safari/537.36", accept:"text/html,application/xhtml+xml,application/xml;q=0.9,image/avif,image/webp,image/apng,*/*;q=0.8,application/signed-exchange;v=b3;q=0.7", sec-fetch-site:"same-origin", sec-fetch-mode:"navigate", sec-fetch-user:"?1", sec-fetch-dest:"document", accept-encoding:"gzip, deflate, br, zstd", accept-language:"vi", cookie:"JSESSIONID=E2E5E9CA2D27B527F5E8C98E666E7550", if-modified-since:"Mon, 12 Aug 2024 08:14:16 GMT"]]
2024-10-10T08:38:49.221+07:00 DEBUG 11570 --- [banking-loan-service] [http-nio-8060-exec-1] o.s.w.f.CommonsRequestLoggingFilter      : REQUEST DATA : GET /swagger-ui/index.html, client=0:0:0:0:0:0:0:1, headers=[host:"localhost:8060", connection:"keep-alive", cache-control:"max-age=0", sec-ch-ua:""Google Chrome";v="129", "Not=A?Brand";v="8", "Chromium";v="129"", sec-ch-ua-mobile:"?0", sec-ch-ua-platform:""Linux"", upgrade-insecure-requests:"1", user-agent:"Mozilla/5.0 (X11; Linux x86_64) AppleWebKit/537.36 (KHTML, like Gecko) Chrome/129.0.0.0 Safari/537.36", accept:"text/html,application/xhtml+xml,application/xml;q=0.9,image/avif,image/webp,image/apng,*/*;q=0.8,application/signed-exchange;v=b3;q=0.7", sec-fetch-site:"same-origin", sec-fetch-mode:"navigate", sec-fetch-user:"?1", sec-fetch-dest:"document", accept-encoding:"gzip, deflate, br, zstd", accept-language:"vi", cookie:"JSESSIONID=E2E5E9CA2D27B527F5E8C98E666E7550", if-modified-since:"Mon, 12 Aug 2024 08:14:16 GMT"]]
2024-10-10T08:38:49.521+07:00 DEBUG 11570 --- [banking-loan-service] [http-nio-8060-exec-2] o.s.w.f.CommonsRequestLoggingFilter      : Before request [GET /swagger-ui/swagger-initializer.js, client=0:0:0:0:0:0:0:1, headers=[host:"localhost:8060", connection:"keep-alive", sec-ch-ua-platform:""Linux"", user-agent:"Mozilla/5.0 (X11; Linux x86_64) AppleWebKit/537.36 (KHTML, like Gecko) Chrome/129.0.0.0 Safari/537.36", sec-ch-ua:""Google Chrome";v="129", "Not=A?Brand";v="8", "Chromium";v="129"", sec-ch-ua-mobile:"?0", accept:"*/*", sec-fetch-site:"same-origin", sec-fetch-mode:"no-cors", sec-fetch-dest:"script", referer:"http://localhost:8060/swagger-ui/index.html", accept-encoding:"gzip, deflate, br, zstd", accept-language:"vi", cookie:"JSESSIONID=E2E5E9CA2D27B527F5E8C98E666E7550"]]
2024-10-10T08:38:49.556+07:00 DEBUG 11570 --- [banking-loan-service] [http-nio-8060-exec-2] o.s.w.f.CommonsRequestLoggingFilter      : REQUEST DATA : GET /swagger-ui/swagger-initializer.js, client=0:0:0:0:0:0:0:1, headers=[host:"localhost:8060", connection:"keep-alive", sec-ch-ua-platform:""Linux"", user-agent:"Mozilla/5.0 (X11; Linux x86_64) AppleWebKit/537.36 (KHTML, like Gecko) Chrome/129.0.0.0 Safari/537.36", sec-ch-ua:""Google Chrome";v="129", "Not=A?Brand";v="8", "Chromium";v="129"", sec-ch-ua-mobile:"?0", accept:"*/*", sec-fetch-site:"same-origin", sec-fetch-mode:"no-cors", sec-fetch-dest:"script", referer:"http://localhost:8060/swagger-ui/index.html", accept-encoding:"gzip, deflate, br, zstd", accept-language:"vi", cookie:"JSESSIONID=E2E5E9CA2D27B527F5E8C98E666E7550"]]
2024-10-10T08:38:50.628+07:00 DEBUG 11570 --- [banking-loan-service] [http-nio-8060-exec-3] o.s.w.f.CommonsRequestLoggingFilter      : Before request [GET /v3/api-docs/swagger-config, client=0:0:0:0:0:0:0:1, headers=[host:"localhost:8060", connection:"keep-alive", sec-ch-ua-platform:""Linux"", user-agent:"Mozilla/5.0 (X11; Linux x86_64) AppleWebKit/537.36 (KHTML, like Gecko) Chrome/129.0.0.0 Safari/537.36", sec-ch-ua:""Google Chrome";v="129", "Not=A?Brand";v="8", "Chromium";v="129"", sec-ch-ua-mobile:"?0", accept:"*/*", sec-fetch-site:"same-origin", sec-fetch-mode:"cors", sec-fetch-dest:"empty", referer:"http://localhost:8060/swagger-ui/index.html", accept-encoding:"gzip, deflate, br, zstd", accept-language:"vi", cookie:"JSESSIONID=E2E5E9CA2D27B527F5E8C98E666E7550"]]
2024-10-10T08:38:50.659+07:00 DEBUG 11570 --- [banking-loan-service] [http-nio-8060-exec-3] o.s.w.f.CommonsRequestLoggingFilter      : REQUEST DATA : GET /v3/api-docs/swagger-config, client=0:0:0:0:0:0:0:1, headers=[host:"localhost:8060", connection:"keep-alive", sec-ch-ua-platform:""Linux"", user-agent:"Mozilla/5.0 (X11; Linux x86_64) AppleWebKit/537.36 (KHTML, like Gecko) Chrome/129.0.0.0 Safari/537.36", sec-ch-ua:""Google Chrome";v="129", "Not=A?Brand";v="8", "Chromium";v="129"", sec-ch-ua-mobile:"?0", accept:"*/*", sec-fetch-site:"same-origin", sec-fetch-mode:"cors", sec-fetch-dest:"empty", referer:"http://localhost:8060/swagger-ui/index.html", accept-encoding:"gzip, deflate, br, zstd", accept-language:"vi", cookie:"JSESSIONID=E2E5E9CA2D27B527F5E8C98E666E7550"]]
2024-10-10T08:38:51.299+07:00 DEBUG 11570 --- [banking-loan-service] [http-nio-8060-exec-4] o.s.w.f.CommonsRequestLoggingFilter      : Before request [GET /v3/api-docs, client=0:0:0:0:0:0:0:1, headers=[host:"localhost:8060", connection:"keep-alive", sec-ch-ua-platform:""Linux"", user-agent:"Mozilla/5.0 (X11; Linux x86_64) AppleWebKit/537.36 (KHTML, like Gecko) Chrome/129.0.0.0 Safari/537.36", accept:"application/json,*/*", sec-ch-ua:""Google Chrome";v="129", "Not=A?Brand";v="8", "Chromium";v="129"", sec-ch-ua-mobile:"?0", sec-fetch-site:"same-origin", sec-fetch-mode:"cors", sec-fetch-dest:"empty", referer:"http://localhost:8060/swagger-ui/index.html", accept-encoding:"gzip, deflate, br, zstd", accept-language:"vi", cookie:"JSESSIONID=E2E5E9CA2D27B527F5E8C98E666E7550"]]
2024-10-10T08:38:51.655+07:00  INFO 11570 --- [banking-loan-service] [http-nio-8060-exec-4] o.springdoc.api.AbstractOpenApiResource  : Init duration for springdoc-openapi is: 338 ms
2024-10-10T08:38:51.665+07:00 DEBUG 11570 --- [banking-loan-service] [http-nio-8060-exec-4] o.s.w.f.CommonsRequestLoggingFilter      : REQUEST DATA : GET /v3/api-docs, client=0:0:0:0:0:0:0:1, headers=[host:"localhost:8060", connection:"keep-alive", sec-ch-ua-platform:""Linux"", user-agent:"Mozilla/5.0 (X11; Linux x86_64) AppleWebKit/537.36 (KHTML, like Gecko) Chrome/129.0.0.0 Safari/537.36", accept:"application/json,*/*", sec-ch-ua:""Google Chrome";v="129", "Not=A?Brand";v="8", "Chromium";v="129"", sec-ch-ua-mobile:"?0", sec-fetch-site:"same-origin", sec-fetch-mode:"cors", sec-fetch-dest:"empty", referer:"http://localhost:8060/swagger-ui/index.html", accept-encoding:"gzip, deflate, br, zstd", accept-language:"vi", cookie:"JSESSIONID=E2E5E9CA2D27B527F5E8C98E666E7550"]]
2024-10-10T08:43:26.142+07:00  INFO 11570 --- [banking-loan-service] [AsyncResolver-bootstrap-executor-%d] c.n.d.s.r.aws.ConfigClusterResolver      : Resolving eureka endpoints via configuration
2024-10-10T08:48:26.243+07:00  INFO 11570 --- [banking-loan-service] [AsyncResolver-bootstrap-executor-%d] c.n.d.s.r.aws.ConfigClusterResolver      : Resolving eureka endpoints via configuration
2024-10-10T08:53:26.271+07:00  INFO 11570 --- [banking-loan-service] [AsyncResolver-bootstrap-executor-%d] c.n.d.s.r.aws.ConfigClusterResolver      : Resolving eureka endpoints via configuration
2024-10-10T08:58:26.466+07:00  INFO 11570 --- [banking-loan-service] [AsyncResolver-bootstrap-executor-%d] c.n.d.s.r.aws.ConfigClusterResolver      : Resolving eureka endpoints via configuration
2024-10-10T09:03:27.514+07:00  INFO 11570 --- [banking-loan-service] [AsyncResolver-bootstrap-executor-%d] c.n.d.s.r.aws.ConfigClusterResolver      : Resolving eureka endpoints via configuration
2024-10-10T09:08:27.572+07:00  INFO 11570 --- [banking-loan-service] [AsyncResolver-bootstrap-executor-%d] c.n.d.s.r.aws.ConfigClusterResolver      : Resolving eureka endpoints via configuration
